# JRE version: 7.0_17-b02
# Java VM: Java HotSpot(TM) 64-Bit Server VM (23.7-b01 mixed mode linux-amd64 compressed oops)
Heap
 PSYoungGen      total 59968K, used 6427K [0x00000007ac960000, 0x00000007b1140000, 0x0000000800000000)
  eden space 59520K, 10% used [0x00000007ac960000,0x00000007acf36c10,0x00000007b0380000)
  from space 448K, 100% used [0x00000007b0fa0000,0x00000007b1010000,0x00000007b1010000)
  to   space 1216K, 0% used [0x00000007b1010000,0x00000007b1010000,0x00000007b1140000)
 ParOldGen       total 170880K, used 664K [0x0000000705c00000, 0x00000007102e0000, 0x00000007ac960000)
  object space 170880K, 0% used [0x0000000705c00000,0x0000000705ca6060,0x00000007102e0000)
 PSPermGen       total 21248K, used 5283K [0x0000000700a00000, 0x0000000701ec0000, 0x0000000705c00000)
  object space 21248K, 24% used [0x0000000700a00000,0x0000000700f28c98,0x0000000701ec0000)
GC Heap History (10 events):
Event: 14,421 GC heap before
{Heap before GC invocations=3 (full 0):
 PSYoungGen      total 74752K, used 65056K [0x00000007ac960000, 0x00000007b1cc0000, 0x0000000800000000)
  eden space 64128K, 100% used [0x00000007ac960000,0x00000007b0800000,0x00000007b0800000)
  from space 10624K, 8% used [0x00000007b1260000,0x00000007b1348020,0x00000007b1cc0000)
  to   space 10624K, 0% used [0x00000007b0800000,0x00000007b0800000,0x00000007b1260000)
 ParOldGen       total 170880K, used 16K [0x0000000705c00000, 0x00000007102e0000, 0x00000007ac960000)
  object space 170880K, 0% used [0x0000000705c00000,0x0000000705c04000,0x00000007102e0000)
 PSPermGen       total 21248K, used 5240K [0x0000000700a00000, 0x0000000701ec0000, 0x0000000705c00000)
  object space 21248K, 24% used [0x0000000700a00000,0x0000000700f1e3d8,0x0000000701ec0000)
Event: 14,425 GC heap after
Heap after GC invocations=3 (full 0):
 PSYoungGen      total 74752K, used 960K [0x00000007ac960000, 0x00000007b1cc0000, 0x0000000800000000)
  eden space 64128K, 0% used [0x00000007ac960000,0x00000007ac960000,0x00000007b0800000)
  from space 10624K, 9% used [0x00000007b0800000,0x00000007b08f0020,0x00000007b1260000)
  to   space 10624K, 0% used [0x00000007b1260000,0x00000007b1260000,0x00000007b1cc0000)
 ParOldGen       total 170880K, used 24K [0x0000000705c00000, 0x00000007102e0000, 0x00000007ac960000)
  object space 170880K, 0% used [0x0000000705c00000,0x0000000705c06000,0x00000007102e0000)
 PSPermGen       total 21248K, used 5240K [0x0000000700a00000, 0x0000000701ec0000, 0x0000000705c00000)
  object space 21248K, 24% used [0x0000000700a00000,0x0000000700f1e3d8,0x0000000701ec0000)
}
Event: 15,690 GC heap before
{Heap before GC invocations=4 (full 0):
 PSYoungGen      total 74752K, used 65088K [0x00000007ac960000, 0x00000007b1cc0000, 0x0000000800000000)
  eden space 64128K, 100% used [0x00000007ac960000,0x00000007b0800000,0x00000007b0800000)
  from space 10624K, 9% used [0x00000007b0800000,0x00000007b08f0020,0x00000007b1260000)
  to   space 10624K, 0% used [0x00000007b1260000,0x00000007b1260000,0x00000007b1cc0000)
 ParOldGen       total 170880K, used 24K [0x0000000705c00000, 0x00000007102e0000, 0x00000007ac960000)
  object space 170880K, 0% used [0x0000000705c00000,0x0000000705c06000,0x00000007102e0000)
 PSPermGen       total 21248K, used 5247K [0x0000000700a00000, 0x0000000701ec0000, 0x0000000705c00000)
  object space 21248K, 24% used [0x0000000700a00000,0x0000000700f1ff60,0x0000000701ec0000)
Event: 15,692 GC heap after
Heap after GC invocations=4 (full 0):
 PSYoungGen      total 74752K, used 976K [0x00000007ac960000, 0x00000007b1cc0000, 0x0000000800000000)
  eden space 64128K, 0% used [0x00000007ac960000,0x00000007ac960000,0x00000007b0800000)
  from space 10624K, 9% used [0x00000007b1260000,0x00000007b1354010,0x00000007b1cc0000)
  to   space 10624K, 0% used [0x00000007b0800000,0x00000007b0800000,0x00000007b1260000)
 ParOldGen       total 170880K, used 32K [0x0000000705c00000, 0x00000007102e0000, 0x00000007ac960000)
  object space 170880K, 0% used [0x0000000705c00000,0x0000000705c08000,0x00000007102e0000)
 PSPermGen       total 21248K, used 5247K [0x0000000700a00000, 0x0000000701ec0000, 0x0000000705c00000)
  object space 21248K, 24% used [0x0000000700a00000,0x0000000700f1ff60,0x0000000701ec0000)
}
Event: 16,916 GC heap before
{Heap before GC invocations=5 (full 0):
 PSYoungGen      total 74752K, used 65104K [0x00000007ac960000, 0x00000007b1cc0000, 0x0000000800000000)
  eden space 64128K, 100% used [0x00000007ac960000,0x00000007b0800000,0x00000007b0800000)
  from space 10624K, 9% used [0x00000007b1260000,0x00000007b1354010,0x00000007b1cc0000)
  to   space 10624K, 0% used [0x00000007b0800000,0x00000007b0800000,0x00000007b1260000)
 ParOldGen       total 170880K, used 32K [0x0000000705c00000, 0x00000007102e0000, 0x00000007ac960000)
  object space 170880K, 0% used [0x0000000705c00000,0x0000000705c08000,0x00000007102e0000)
 PSPermGen       total 21248K, used 5265K [0x0000000700a00000, 0x0000000701ec0000, 0x0000000705c00000)
  object space 21248K, 24% used [0x0000000700a00000,0x0000000700f24728,0x0000000701ec0000)
Event: 16,918 GC heap after
Heap after GC invocations=5 (full 0):
 PSYoungGen      total 63488K, used 928K [0x00000007ac960000, 0x00000007b1270000, 0x0000000800000000)
  eden space 62528K, 0% used [0x00000007ac960000,0x00000007ac960000,0x00000007b0670000)
  from space 960K, 96% used [0x00000007b0800000,0x00000007b08e8020,0x00000007b08f0000)
  to   space 1280K, 0% used [0x00000007b1130000,0x00000007b1130000,0x00000007b1270000)
 ParOldGen       total 170880K, used 40K [0x0000000705c00000, 0x00000007102e0000, 0x00000007ac960000)
  object space 170880K, 0% used [0x0000000705c00000,0x0000000705c0a000,0x00000007102e0000)
 PSPermGen       total 21248K, used 5265K [0x0000000700a00000, 0x0000000701ec0000, 0x0000000705c00000)
  object space 21248K, 24% used [0x0000000700a00000,0x0000000700f24728,0x0000000701ec0000)
}
Event: 18,111 GC heap before
{Heap before GC invocations=6 (full 0):
 PSYoungGen      total 63488K, used 63456K [0x00000007ac960000, 0x00000007b1270000, 0x0000000800000000)
  eden space 62528K, 100% used [0x00000007ac960000,0x00000007b0670000,0x00000007b0670000)
  from space 960K, 96% used [0x00000007b0800000,0x00000007b08e8020,0x00000007b08f0000)
  to   space 1280K, 0% used [0x00000007b1130000,0x00000007b1130000,0x00000007b1270000)
 ParOldGen       total 170880K, used 40K [0x0000000705c00000, 0x00000007102e0000, 0x00000007ac960000)
  object space 170880K, 0% used [0x0000000705c00000,0x0000000705c0a000,0x00000007102e0000)
 PSPermGen       total 21248K, used 5268K [0x0000000700a00000, 0x0000000701ec0000, 0x0000000705c00000)
  object space 21248K, 24% used [0x0000000700a00000,0x0000000700f25080,0x0000000701ec0000)
Event: 18,115 GC heap after
Heap after GC invocations=6 (full 0):
 PSYoungGen      total 61952K, used 928K [0x00000007ac960000, 0x00000007b1220000, 0x0000000800000000)
  eden space 60992K, 0% used [0x00000007ac960000,0x00000007ac960000,0x00000007b04f0000)
  from space 960K, 96% used [0x00000007b1130000,0x00000007b1218020,0x00000007b1220000)
  to   space 1280K, 0% used [0x00000007b0fa0000,0x00000007b0fa0000,0x00000007b10e0000)
 ParOldGen       total 170880K, used 48K [0x0000000705c00000, 0x00000007102e0000, 0x00000007ac960000)
  object space 170880K, 0% used [0x0000000705c00000,0x0000000705c0c000,0x00000007102e0000)
 PSPermGen       total 21248K, used 5268K [0x0000000700a00000, 0x0000000701ec0000, 0x0000000705c00000)
  object space 21248K, 24% used [0x0000000700a00000,0x0000000700f25080,0x0000000701ec0000)
}
Event: 19,329 GC heap before
{Heap before GC invocations=7 (full 0):
 PSYoungGen      total 61952K, used 61920K [0x00000007ac960000, 0x00000007b1220000, 0x0000000800000000)
  eden space 60992K, 100% used [0x00000007ac960000,0x00000007b04f0000,0x00000007b04f0000)
  from space 960K, 96% used [0x00000007b1130000,0x00000007b1218020,0x00000007b1220000)
  to   space 1280K, 0% used [0x00000007b0fa0000,0x00000007b0fa0000,0x00000007b10e0000)
 ParOldGen       total 170880K, used 48K [0x0000000705c00000, 0x00000007102e0000, 0x00000007ac960000)
  object space 170880K, 0% used [0x0000000705c00000,0x0000000705c0c000,0x00000007102e0000)
 PSPermGen       total 21248K, used 5268K [0x0000000700a00000, 0x0000000701ec0000, 0x0000000705c00000)
  object space 21248K, 24% used [0x0000000700a00000,0x0000000700f25080,0x0000000701ec0000)
Event: 19,331 GC heap after
Heap after GC invocations=7 (full 0):
 PSYoungGen      total 59968K, used 448K [0x00000007ac960000, 0x00000007b1140000, 0x0000000800000000)
  eden space 59520K, 0% used [0x00000007ac960000,0x00000007ac960000,0x00000007b0380000)
  from space 448K, 100% used [0x00000007b0fa0000,0x00000007b1010000,0x00000007b1010000)
  to   space 1216K, 0% used [0x00000007b1010000,0x00000007b1010000,0x00000007b1140000)
 ParOldGen       total 170880K, used 664K [0x0000000705c00000, 0x00000007102e0000, 0x00000007ac960000)
  object space 170880K, 0% used [0x0000000705c00000,0x0000000705ca6060,0x00000007102e0000)
 PSPermGen       total 21248K, used 5268K [0x0000000700a00000, 0x0000000701ec0000, 0x0000000705c00000)
  object space 21248K, 24% used [0x0000000700a00000,0x0000000700f25080,0x0000000701ec0000)
}

